StarsSlots/StarsSlots/main/build/intermediates/manifest_merge_blame_file/release/manifest-merger-blame-release-report.txt
1<?xml version="1.0" encoding="utf-8"?>
2<manifest xmlns:android="http://schemas.android.com/apk/res/android"
3    package="pasdak.fhdfg.cdsgs.erdfda"
4    android:versionCode="2"
5    android:versionName="2.1" >
6
7    <uses-sdk
8        android:minSdkVersion="24"
8-->src\main\AndroidManifest.xml
9        android:targetSdkVersion="33" />
9-->src\main\AndroidManifest.xml
10
11    <uses-permission android:name="android.permission.INTERNET" />
11-->src\main\AndroidManifest.xml:3:5-66
11-->src\main\AndroidManifest.xml:3:22-64
12    <uses-permission android:name="android.permission.ACCESS_NETWORK_STATE" />
12-->src\main\AndroidManifest.xml:4:5-78
12-->src\main\AndroidManifest.xml:4:22-76
13    <uses-permission android:name="android.permission.ACCESS_WIFI_STATE" />
13-->src\main\AndroidManifest.xml:5:5-75
13-->src\main\AndroidManifest.xml:5:22-73
14
15    <queries>
15-->[com.appsflyer:af-android-sdk:6.12.2] AndroidManifest.xml:11:5-15:15
16        <intent>
16-->[com.appsflyer:af-android-sdk:6.12.2] AndroidManifest.xml:12:9-14:18
17            <action android:name="com.appsflyer.referrer.INSTALL_PROVIDER" />
17-->[com.appsflyer:af-android-sdk:6.12.2] AndroidManifest.xml:13:13-78
17-->[com.appsflyer:af-android-sdk:6.12.2] AndroidManifest.xml:13:21-75
18        </intent>
19    </queries>
20
21    <uses-permission android:name="com.google.android.gms.permission.AD_ID" />
21-->[com.appsflyer:af-android-sdk:6.12.2] AndroidManifest.xml:19:5-79
21-->[com.appsflyer:af-android-sdk:6.12.2] AndroidManifest.xml:19:22-76
22    <uses-permission android:name="com.google.android.finsky.permission.BIND_GET_INSTALL_REFERRER_SERVICE" />
22-->[com.android.installreferrer:installreferrer:2.2] AndroidManifest.xml:9:5-110
22-->[com.android.installreferrer:installreferrer:2.2] AndroidManifest.xml:9:22-107
23
24    <application
24-->src\main\AndroidManifest.xml:6:5-65:19
25        android:name="com.cocos.game.yzhjehlwlApp"
25-->src\main\AndroidManifest.xml:7:9-51
26        android:allowBackup="true"
26-->src\main\AndroidManifest.xml:10:9-35
27        android:appComponentFactory="androidx.core.app.CoreComponentFactory"
27-->[androidx.core:core:1.5.0] AndroidManifest.xml:24:18-86
28        android:extractNativeLibs="true"
28-->src\main\AndroidManifest.xml:8:9-41
29        android:fullBackupContent="@xml/appsflyer_backup_rules"
29-->[com.appsflyer:af-android-sdk:6.12.2] AndroidManifest.xml:21:18-73
30        android:icon="@mipmap/ic_launcher"
30-->src\main\AndroidManifest.xml:11:9-43
31        android:label="@string/app_name"
31-->src\main\AndroidManifest.xml:12:9-41
32        android:supportsRtl="true"
32-->src\main\AndroidManifest.xml:13:9-35
33        android:theme="@style/Splash"
33-->src\main\AndroidManifest.xml:14:9-38
34        android:usesCleartextTraffic="true" >
34-->src\main\AndroidManifest.xml:9:9-44
35        <activity
35-->src\main\AndroidManifest.xml:15:9-29:20
36            android:name="com.cocos.game.hggiuuipStartAct"
36-->src\main\AndroidManifest.xml:16:13-59
37            android:configChanges="orientation|keyboardHidden|screenSize|screenLayout"
37-->src\main\AndroidManifest.xml:18:13-87
38            android:exported="true"
38-->src\main\AndroidManifest.xml:22:13-36
39            android:label="@string/app_name"
39-->src\main\AndroidManifest.xml:19:13-45
40            android:launchMode="singleTask"
40-->src\main\AndroidManifest.xml:21:13-44
41            android:screenOrientation="sensorLandscape"
41-->src\main\AndroidManifest.xml:17:13-56
42            android:theme="@style/Splash" >
42-->src\main\AndroidManifest.xml:20:13-42
43            <intent-filter>
43-->src\main\AndroidManifest.xml:24:13-28:29
44                <action android:name="android.intent.action.MAIN" />
44-->src\main\AndroidManifest.xml:25:17-69
44-->src\main\AndroidManifest.xml:25:25-66
45
46                <category android:name="android.intent.category.LAUNCHER" />
46-->src\main\AndroidManifest.xml:27:17-77
46-->src\main\AndroidManifest.xml:27:27-74
47            </intent-filter>
48        </activity>
49        <activity
49-->src\main\AndroidManifest.xml:30:9-36:38
50            android:name="com.cocos.game.rewrwdfcvx.fdsgrwetf.yzhjehlwlBase"
50-->src\main\AndroidManifest.xml:31:13-77
51            android:exported="true"
51-->src\main\AndroidManifest.xml:36:13-36
52            android:label="@string/app_name"
52-->src\main\AndroidManifest.xml:34:13-45
53            android:launchMode="singleInstance"
53-->src\main\AndroidManifest.xml:33:13-48
54            android:screenOrientation="portrait"
54-->src\main\AndroidManifest.xml:32:13-49
55            android:theme="@style/Splash" />
55-->src\main\AndroidManifest.xml:35:13-42
56        <activity
56-->src\main\AndroidManifest.xml:37:9-42:41
57            android:name="com.cocos.game.mqbjjgmyiTempActivtyBase"
57-->src\main\AndroidManifest.xml:37:19-73
58            android:configChanges="orientation|keyboardHidden|screenSize|screenLayout"
58-->src\main\AndroidManifest.xml:38:13-87
59            android:exported="false"
59-->src\main\AndroidManifest.xml:42:13-39
60            android:launchMode="singleInstance"
60-->src\main\AndroidManifest.xml:40:13-48
61            android:screenOrientation="portrait"
61-->src\main\AndroidManifest.xml:39:13-49
62            android:theme="@android:style/Theme.NoTitleBar.Fullscreen" />
62-->src\main\AndroidManifest.xml:41:13-71
63        <activity
63-->src\main\AndroidManifest.xml:43:9-50:15
64            android:name="game.AppActivity"
64-->src\main\AndroidManifest.xml:44:13-44
65            android:exported="false"
65-->src\main\AndroidManifest.xml:45:13-37
66            android:label="@string/app_name"
66-->src\main\AndroidManifest.xml:49:13-45
67            android:launchMode="singleInstance"
67-->src\main\AndroidManifest.xml:47:13-48
68            android:screenOrientation="portrait"
68-->src\main\AndroidManifest.xml:46:13-49
69            android:theme="@android:style/Theme.NoTitleBar.Fullscreen" />
69-->src\main\AndroidManifest.xml:48:13-71
70
71        <!-- <activity -->
72        <!-- android:configChanges="orientation|keyboardHidden|screenSize" -->
73        <!-- android:screenOrientation="portrait" -->
74        <!-- android:label="@string/app_name" -->
75        <!-- android:name="bvcgfdtre.hfdtretdfg.nvghfderew.LifeWebActivity" -->
76        <!-- android:exported = "false" -->
77        <!-- android:theme="@android:style/Theme.NoTitleBar.Fullscreen" -->
78            />
79        <activity
79-->src\main\AndroidManifest.xml:60:9-64:20
80            android:name="uiasdoqwm.asdaqwe.popm.MainActivity"
80-->src\main\AndroidManifest.xml:61:13-63
81            android:exported="true"
81-->src\main\AndroidManifest.xml:62:13-36
82            android:screenOrientation="portrait" >
82-->src\main\AndroidManifest.xml:63:13-49
83        </activity>
84        <activity
84-->[:app] AndroidManifest.xml:15:9-17:47
85            android:name="idasodqw.sadamoq.ccasda.Yasdnaiq"
85-->[:app] AndroidManifest.xml:16:13-60
86            android:launchMode="singleTask" />
86-->[:app] AndroidManifest.xml:17:13-44
87        <activity
87-->[:app] AndroidManifest.xml:18:9-20:47
88            android:name="idasodqw.sadamoq.ccasda.Pnasdanqw"
88-->[:app] AndroidManifest.xml:19:13-61
89            android:launchMode="singleTask" />
89-->[:app] AndroidManifest.xml:20:13-44
90    </application>
91
92</manifest>